make all --print-data-base --no-builtin-variables --no-builtin-rules --question
# GNU Make 4.2.1
# Built for x86_64-pc-linux-gnu
# Copyright (C) 1988-2016 Free Software Foundation, Inc.
# License GPLv3+: GNU GPL version 3 or later <http://gnu.org/licenses/gpl.html>
# This is free software: you are free to change and redistribute it.
# There is NO WARRANTY, to the extent permitted by law.

# Make data base, printed on Wed Jan 19 16:41:26 2022

# Variables

# automatic
<D = $(patsubst %/,%,$(dir $<))
# automatic
?F = $(notdir $?)
# environment
DESKTOP_SESSION = unity
# default
.SHELLFLAGS := -c
# environment
XDG_SESSION_CLASS = user
# environment
GDK_PIXBUF_MODULE_FILE = /home/manuel/snap/code/common/.cache/gdk-pixbuf-loaders.cache
# environment
SNAP_COMMON = /var/snap/code/common
# environment
XDG_SESSION_TYPE = x11
# environment
VSCODE_LOG_NATIVE = false
# automatic
?D = $(patsubst %/,%,$(dir $?))
# automatic
@D = $(patsubst %/,%,$(dir $@))
# environment
XAUTHORITY = /home/manuel/.Xauthority
# environment
GDMSESSION = unity
# environment
XMODIFIERS = @im=ibus
# makefile
CURDIR := /home/manuel/workspace/System-Monitor
# makefile
SHELL = /bin/sh
# environment
SNAP_DATA = /var/snap/code/85
# environment
GDM_LANG = de_DE
# environment
VSCODE_NLS_CONFIG = {"locale":"de","availableLanguages":{},"_languagePackSupport":true}
# environment
JOURNAL_STREAM = 9:36378
# environment
XDG_CONFIG_DIRS = /etc/xdg/xdg-unity:/etc/xdg
# environment
SNAP_INSTANCE_NAME = code
# environment
SNAP_ARCH = amd64
# makefile (from 'Makefile', line 1)
MAKEFILE_LIST :=  Makefile
# automatic
@F = $(notdir $@)
# environment
GIO_LAUNCHED_DESKTOP_FILE = /var/lib/snapd/desktop/applications/code_code.desktop
# 'override' directive
GNUMAKEFLAGS := 
# environment
MANDATORY_PATH = /usr/share/gconf/unity.mandatory.path
# environment
XDG_DATA_DIRS = /usr/share/unity:/usr/local/share:/usr/share:/var/lib/snapd/desktop:/var/lib/snapd/desktop
# environment
DBUS_SESSION_BUS_ADDRESS = unix:path=/run/user/1000/bus
# environment
VSCODE_VERBOSE_LOGGING = true
# environment
_ = /snap/code/85/usr/share/code/code
# environment
UNITY_DEFAULT_PROFILE = unity
# environment
CLUTTER_IM_MODULE = ibus
# environment
LESSOPEN = | /usr/bin/lesspipe %s
# environment
VSCODE_CWD = /home/manuel
# environment
XDG_SESSION_PATH = /org/freedesktop/DisplayManager/Session0
# environment
GSETTINGS_SCHEMA_DIR = /snap/code/85/usr/share/glib-2.0/schemas
# default
MAKE_HOST := x86_64-pc-linux-gnu
# environment
PATH = /usr/local/sbin:/usr/local/bin:/usr/sbin:/usr/bin:/sbin:/bin:/usr/games:/usr/local/games:/snap/bin
# environment
UNITY_HAS_3D_SUPPORT = true
# environment
GPG_AGENT_INFO = /run/user/1000/gnupg/S.gpg-agent:0:1
# environment
SESSION_MANAGER = local/manuel-laptop:@/tmp/.ICE-unix/1652,unix/manuel-laptop:/tmp/.ICE-unix/1652
# environment
XDG_RUNTIME_DIR = /run/user/1000
# environment
SSH_AGENT_LAUNCHER = gnome-keyring
# environment
SNAP = /snap/code/85
# environment
SNAP_VERSION = 899d46d8
# environment
XDG_MENU_PREFIX = gnome-
# environment
VSCODE_LOG_STACK = false
# environment
DISABLE_WAYLAND = 1
# environment
VSCODE_CRASH_REPORTER_START_OPTIONS = {"companyName":"Microsoft","productName":"VSCode","submitURL":"appcenter://code?aid=fba07a4d-84bd-4fc8-a125-9640fc8ce171&uid=78b1f2ad-0c3d-4f8a-a324-e9733a75f2d2&iid=78b1f2ad-0c3d-4f8a-a324-e9733a75f2d2&sid=78b1f2ad-0c3d-4f8a-a324-e9733a75f2d2","uploadToServer":true}
# environment
INVOCATION_ID = a2cbed3d6da443b487c27fef17757b60
# environment
GDK_PIXBUF_MODULEDIR = /snap/code/85/usr/lib/x86_64-linux-gnu/gdk-pixbuf-2.0/2.10.0/loaders
# default
.FEATURES := target-specific order-only second-expansion else-if shortest-stem undefine oneshell archives jobserver output-sync check-symlink load
# environment
XDG_GREETER_DATA_DIR = /var/lib/lightdm-data/manuel
# environment
LS_COLORS = 
# environment
XDG_SESSION_DESKTOP = unity
# environment
SSH_AUTH_SOCK = /run/user/1000/keyring/ssh
# environment
GIO_LAUNCHED_DESKTOP_FILE_PID = 2789
# automatic
%F = $(notdir $%)
# environment
DISPLAY = :0
# environment
GTK_IM_MODULE = ibus
# environment
GNOME_SESSION_XDG_SESSION_PATH = /org/freedesktop/DisplayManager/Session0
# environment
SNAP_INSTANCE_KEY = 
# environment
PWD = /home/manuel/workspace/System-Monitor
# environment
QT_QPA_PLATFORMTHEME = appmenu-qt5
# default
.LOADED := 
# environment
ORIGINAL_XDG_CURRENT_DESKTOP = Unity:Unity7:ubuntu
# environment
GTK_MODULES = gail:atk-bridge:unity-gtk-module
# environment
VSCODE_AMD_ENTRYPOINT = vs/workbench/services/extensions/node/extensionHostProcess
# environment
HOME = /home/manuel
# automatic
+D = $(patsubst %/,%,$(dir $+))
# environment
LESSCLOSE = /usr/bin/lesspipe %s %s
# environment
VSCODE_CLI = 1
# environment
VSCODE_CODE_CACHE_PATH = /home/manuel/.config/Code/CachedData/899d46d82c4c95423fb7e10e68eba52050e30ba3
# environment
LOGNAME = manuel
# environment
APPLICATION_INSIGHTS_NO_DIAGNOSTIC_CHANNEL = true
# environment
SNAP_LIBRARY_PATH = /var/lib/snapd/lib/gl:/var/lib/snapd/lib/gl32:/var/lib/snapd/void
# environment
SNAP_CONTEXT = 74dXDPp6pi4JLeVJdfPuTR2VlA9dxiCGdz3PPwa1473PbguhIuKw
# environment
ELECTRON_NO_ATTACH_CONSOLE = 1
# environment
SNAP_USER_COMMON = /home/manuel/snap/code/common
# environment
VSCODE_HANDLES_UNCAUGHT_ERRORS = true
# environment
GNOME_DESKTOP_SESSION_ID = this-is-deprecated
# automatic
^D = $(patsubst %/,%,$(dir $^))
# environment
MAKELEVEL := 0
# environment
SNAP_REAL_HOME = /home/manuel
# default
MAKE = $(MAKE_COMMAND)
# default
MAKECMDGOALS := all
# environment
QT_IM_MODULE = ibus
# environment
SNAP_USER_DATA = /home/manuel/snap/code/85
# environment
SHLVL = 1
# environment
IM_CONFIG_PHASE = 1
# environment
VSCODE_IPC_HOOK_EXTHOST = /run/user/1000/vscode-ipc-36afd1a5-b779-4dee-892c-e2fb2748d852.sock
# environment
COMPIZ_CONFIG_PROFILE = ubuntu
# default
MAKE_VERSION := 4.2.1
# environment
USER = manuel
# environment
SNAP_REVISION = 85
# makefile
.DEFAULT_GOAL := all
# environment
XDG_CURRENT_DESKTOP = Unity
# environment
MANAGERPID = 1036
# automatic
%D = $(patsubst %/,%,$(dir $%))
# default
MAKE_COMMAND := make
# default
.VARIABLES := 
# automatic
*F = $(notdir $*)
# environment
LANGUAGE = de_DE
# environment
XDG_SEAT_PATH = /org/freedesktop/DisplayManager/Seat0
# environment
VSCODE_IPC_HOOK = /run/user/1000/vscode-1f648071-1.63.2-main.sock
# environment
BAMF_DESKTOP_FILE_HINT = /var/lib/snapd/desktop/applications/code_code.desktop
# makefile
MAKEFLAGS = pqrR
# environment
MFLAGS = -pqrR
# automatic
*D = $(patsubst %/,%,$(dir $*))
# environment
BREAKPAD_DUMP_LOCATION = /home/manuel/.config/Code/exthost Crash Reports
# environment
GTK_CSD = 0
# environment
GDK_BACKEND = x11
# automatic
+F = $(notdir $+)
# environment
GTK2_MODULES = overlay-scrollbar
# environment
QT_ACCESSIBILITY = 1
# environment
COMPIZ_BIN_PATH = /usr/bin/
# environment
DEFAULTS_PATH = /usr/share/gconf/unity.default.path
# environment
VSCODE_PIPE_LOGGING = true
# default
MAKEFILES := 
# environment
SNAP_COOKIE = 74dXDPp6pi4JLeVJdfPuTR2VlA9dxiCGdz3PPwa1473PbguhIuKw
# automatic
<F = $(notdir $<)
# environment
ELECTRON_RUN_AS_NODE = 1
# environment
SNAP_NAME = code
# environment
LC_ALL = C
# environment
QT4_IM_MODULE = ibus
# automatic
^F = $(notdir $^)
# default
SUFFIXES := 
# environment
SNAP_REEXEC = 
# environment
CHROME_DESKTOP = code-url-handler.desktop
# default
.INCLUDE_DIRS = /usr/include /usr/local/include /usr/include
# default
.RECIPEPREFIX := 
# environment
 
LANG = C
# environment
VSCODE_PID = 2839
# variable set hash-table stats:
# Load=135/1024=13%, Rehash=0, Collisions=18/163=11%

# Pattern-specific Variable Values

# No pattern-specific variable values.

# Directories

# . (device 2055, inode 6306850): 15 files, no impossibilities.

# 15 files, no impossibilities in 1 directories.

# Implicit Rules

# No implicit rules.

# Files

all: format test build
#  Phony target (prerequisite of .PHONY).
#  Command line target.
#  Implicit rule search has not been done.
#  File does not exist.
#  File has been updated.
#  Needs to be updated (-q is set).
# variable set hash-table stats:
# Load=0/32=0%, Rehash=0, Collisions=0/3=0%

.PHONY: all format build debug clean
#  Implicit rule search has not been done.
#  Modification time never checked.
#  File has not been updated.

# Not a target:
.SUFFIXES:
#  Implicit rule search has not been done.
#  Modification time never checked.
#  File has not been updated.

format:
#  Phony target (prerequisite of .PHONY).
#  Implicit rule search has not been done.
#  Implicit/static pattern stem: ''
#  File does not exist.
#  File has been updated.
#  Needs to be updated (-q is set).
# automatic
# @ := format
# automatic
# % := 
# automatic
# * := 
# automatic
# + := 
# automatic
# | := 
# automatic
# < := 
# automatic
# ^ := 
# automatic
# ? := 
# variable set hash-table stats:
# Load=8/32=25%, Rehash=0, Collisions=1/11=9%
#  recipe to execute (from 'Makefile', line 6):
	clang-format src/* include/* -i

# Not a target:
Makefile:
#  Implicit rule search has been done.
#  Last modified 2021-10-22 18:37:39.900609343
#  File has been updated.
#  Successfully updated.

debug:
#  Phony target (prerequisite of .PHONY).
#  Implicit rule search has not been done.
#  File does not exist.
#  File has not been updated.
#  recipe to execute (from 'Makefile', line 17):
	mkdir -p build
	cd build && \
	cmake -DCMAKE_BUILD_TYPE=debug .. && \
	make

# Not a target:
test:
#  Implicit rule search has not been done.
#  Modification time never checked.
#  File has not been updated.

build:
#  Phony target (prerequisite of .PHONY).
#  Implicit rule search has not been done.
#  File does not exist.
#  File has not been updated.
#  recipe to execute (from 'Makefile', line 10):
	mkdir -p build
	cd build && \
	cmake .. && \
	make

# Not a target:
.DEFAULT:
#  Implicit rule search has not been done.
#  Modification time never checked.
#  File has not been updated.

clean:
#  Phony target (prerequisite of .PHONY).
#  Implicit rule search has not been done.
#  File does not exist.
#  File has not been updated.
#  recipe to execute (from 'Makefile', line 24):
	rm -rf build

# files hash-table stats:
# Load=10/1024=1%, Rehash=0, Collisions=0/38=0%
# VPATH Search Paths

# No 'vpath' search paths.

# No general ('VPATH' variable) search path.

# strcache buffers: 1 (0) / strings = 25 / storage = 207 B / avg = 8 B
# current buf: size = 8162 B / used = 207 B / count = 25 / avg = 8 B

# strcache performance: lookups = 53 / hit rate = 52%
# hash-table stats:
# Load=25/8192=0%, Rehash=0, Collisions=1/53=2%
# Finished Make data base on Wed Jan 19 16:41:27 2022

 
